build/app/intermediates/manifest_merge_blame_file/release/manifest-merger-blame-release-report.txt
1<?xml version="1.0" encoding="utf-8"?>
2<manifest xmlns:android="http://schemas.android.com/apk/res/android"
3    package="com.manzai.wealthmanager"
4    android:versionCode="1"
5    android:versionName="1.0.0" >
6
7    <uses-sdk
8        android:minSdkVersion="21"
8-->src\main\AndroidManifest.xml
9        android:targetSdkVersion="28" />
9-->src\main\AndroidManifest.xml
10
11    <uses-permission android:name="android.permission.INTERNET" />
11-->[com.google.firebase:firebase-auth:20.0.1] AndroidManifest.xml:23:5-67
11-->[com.google.firebase:firebase-auth:20.0.1] AndroidManifest.xml:23:22-64
12    <uses-permission android:name="android.permission.ACCESS_NETWORK_STATE" />
12-->[com.google.firebase:firebase-auth:20.0.1] AndroidManifest.xml:24:5-79
12-->[com.google.firebase:firebase-auth:20.0.1] AndroidManifest.xml:24:22-76
13    <uses-permission android:name="android.permission.WAKE_LOCK" />
13-->[com.google.android.gms:play-services-measurement-api:18.0.0] AndroidManifest.xml:24:5-68
13-->[com.google.android.gms:play-services-measurement-api:18.0.0] AndroidManifest.xml:24:22-65
14    <uses-permission android:name="com.google.android.finsky.permission.BIND_GET_INSTALL_REFERRER_SERVICE" />
14-->[com.google.android.gms:play-services-measurement:18.0.0] AndroidManifest.xml:26:5-110
14-->[com.google.android.gms:play-services-measurement:18.0.0] AndroidManifest.xml:26:22-107
15    <!--
16 io.flutter.app.FlutterApplication is an android.app.Application that
17         calls FlutterMain.startInitialization(this); in its onCreate method.
18         In most cases you can leave this as-is, but you if you want to provide
19         additional functionality it is fine to subclass or reimplement
20         FlutterApplication and put your custom class here.
21    -->
22    <application
22-->src\main\AndroidManifest.xml:8:5-46:19
23        android:name="io.flutter.app.FlutterApplication"
23-->src\main\AndroidManifest.xml:9:9-57
24        android:appComponentFactory="androidx.core.app.CoreComponentFactory"
24-->[androidx.core:core:1.1.0] AndroidManifest.xml:24:18-86
25        android:icon="@mipmap/ic_launcher"
25-->src\main\AndroidManifest.xml:11:9-43
26        android:label="CashFlow" >
26-->src\main\AndroidManifest.xml:10:9-33
27        <activity
27-->src\main\AndroidManifest.xml:12:9-40:20
28            android:name="com.manzai.wealthmanager.MainActivity"
28-->src\main\AndroidManifest.xml:13:13-41
29            android:configChanges="orientation|keyboardHidden|keyboard|screenSize|smallestScreenSize|locale|layoutDirection|fontScale|screenLayout|density|uiMode"
29-->src\main\AndroidManifest.xml:16:13-163
30            android:hardwareAccelerated="true"
30-->src\main\AndroidManifest.xml:17:13-47
31            android:launchMode="singleTop"
31-->src\main\AndroidManifest.xml:14:13-43
32            android:theme="@style/LaunchTheme"
32-->src\main\AndroidManifest.xml:15:13-47
33            android:windowSoftInputMode="adjustResize" >
33-->src\main\AndroidManifest.xml:18:13-55
34
35            <!--
36                 Specifies an Android theme to apply to this Activity as soon as
37                 the Android process has started. This theme is visible to the user
38                 while the Flutter UI initializes. After that, this theme continues
39                 to determine the Window background behind the Flutter UI.
40            -->
41            <meta-data
41-->src\main\AndroidManifest.xml:23:13-26:17
42                android:name="io.flutter.embedding.android.NormalTheme"
42-->src\main\AndroidManifest.xml:24:15-70
43                android:resource="@style/NormalTheme" />
43-->src\main\AndroidManifest.xml:25:15-52
44            <!--
45                 Displays an Android View that continues showing the launch screen
46                 Drawable until Flutter paints its first frame, then this splash
47                 screen fades out. A splash screen is useful to avoid any visual
48                 gap between the end of Android's launch screen and the painting of
49                 Flutter's first frame.
50            -->
51            <meta-data
51-->src\main\AndroidManifest.xml:32:13-35:17
52                android:name="io.flutter.embedding.android.SplashScreenDrawable"
52-->src\main\AndroidManifest.xml:33:15-79
53                android:resource="@drawable/launch_background" />
53-->src\main\AndroidManifest.xml:34:15-61
54
55            <intent-filter>
55-->src\main\AndroidManifest.xml:36:13-39:29
56                <action android:name="android.intent.action.MAIN" />
56-->src\main\AndroidManifest.xml:37:17-68
56-->src\main\AndroidManifest.xml:37:25-66
57
58                <category android:name="android.intent.category.LAUNCHER" />
58-->src\main\AndroidManifest.xml:38:17-76
58-->src\main\AndroidManifest.xml:38:27-74
59            </intent-filter>
60        </activity>
61        <!--
62             Don't delete the meta-data below.
63             This is used by the Flutter tool to generate GeneratedPluginRegistrant.java
64        -->
65        <meta-data
65-->src\main\AndroidManifest.xml:43:9-45:33
66            android:name="flutterEmbedding"
66-->src\main\AndroidManifest.xml:44:13-44
67            android:value="2" />
67-->src\main\AndroidManifest.xml:45:13-30
68
69        <service
69-->[:firebase_auth] AndroidManifest.xml:8:9-12:19
70            android:name="com.google.firebase.components.ComponentDiscoveryService"
70-->[:firebase_auth] AndroidManifest.xml:8:18-89
71            android:directBootAware="true"
71-->[com.google.firebase:firebase-common:19.4.0] AndroidManifest.xml:35:13-43
72            android:exported="false" >
72-->[com.google.firebase:firebase-auth:20.0.1] AndroidManifest.xml:76:13-37
73            <meta-data
73-->[:firebase_auth] AndroidManifest.xml:9:13-11:85
74                android:name="com.google.firebase.components:io.flutter.plugins.firebase.auth.FlutterFirebaseAuthRegistrar"
74-->[:firebase_auth] AndroidManifest.xml:10:17-124
75                android:value="com.google.firebase.components.ComponentRegistrar" />
75-->[:firebase_auth] AndroidManifest.xml:11:17-82
76            <meta-data
76-->[:cloud_firestore] AndroidManifest.xml:9:13-11:85
77                android:name="com.google.firebase.components:io.flutter.plugins.firebase.firestore.FlutterFirebaseFirestoreRegistrar"
77-->[:cloud_firestore] AndroidManifest.xml:10:17-134
78                android:value="com.google.firebase.components.ComponentRegistrar" />
78-->[:cloud_firestore] AndroidManifest.xml:11:17-82
79            <meta-data
79-->[:firebase_core] AndroidManifest.xml:9:13-11:85
80                android:name="com.google.firebase.components:io.flutter.plugins.firebase.core.FlutterFirebaseCoreRegistrar"
80-->[:firebase_core] AndroidManifest.xml:10:17-124
81                android:value="com.google.firebase.components.ComponentRegistrar" />
81-->[:firebase_core] AndroidManifest.xml:11:17-82
82            <meta-data
82-->[com.google.firebase:firebase-auth:20.0.1] AndroidManifest.xml:77:13-79:85
83                android:name="com.google.firebase.components:com.google.firebase.auth.FirebaseAuthRegistrar"
83-->[com.google.firebase:firebase-auth:20.0.1] AndroidManifest.xml:78:17-109
84                android:value="com.google.firebase.components.ComponentRegistrar" />
84-->[com.google.firebase:firebase-auth:20.0.1] AndroidManifest.xml:79:17-82
85            <meta-data
85-->[com.google.firebase:firebase-firestore:22.0.0] AndroidManifest.xml:20:13-22:85
86                android:name="com.google.firebase.components:com.google.firebase.firestore.FirestoreRegistrar"
86-->[com.google.firebase:firebase-firestore:22.0.0] AndroidManifest.xml:21:17-111
87                android:value="com.google.firebase.components.ComponentRegistrar" />
87-->[com.google.firebase:firebase-firestore:22.0.0] AndroidManifest.xml:22:17-82
88            <meta-data
88-->[com.google.android.gms:play-services-measurement-api:18.0.0] AndroidManifest.xml:30:13-32:85
89                android:name="com.google.firebase.components:com.google.firebase.analytics.connector.internal.AnalyticsConnectorRegistrar"
89-->[com.google.android.gms:play-services-measurement-api:18.0.0] AndroidManifest.xml:31:17-139
90                android:value="com.google.firebase.components.ComponentRegistrar" />
90-->[com.google.android.gms:play-services-measurement-api:18.0.0] AndroidManifest.xml:32:17-82
91            <meta-data
91-->[com.google.firebase:firebase-installations:16.3.4] AndroidManifest.xml:18:13-20:85
92                android:name="com.google.firebase.components:com.google.firebase.installations.FirebaseInstallationsRegistrar"
92-->[com.google.firebase:firebase-installations:16.3.4] AndroidManifest.xml:19:17-127
93                android:value="com.google.firebase.components.ComponentRegistrar" />
93-->[com.google.firebase:firebase-installations:16.3.4] AndroidManifest.xml:20:17-82
94        </service>
95
96        <activity
96-->[com.google.firebase:firebase-auth:20.0.1] AndroidManifest.xml:27:9-44:20
97            android:name="com.google.firebase.auth.internal.GenericIdpActivity"
97-->[com.google.firebase:firebase-auth:20.0.1] AndroidManifest.xml:28:13-80
98            android:excludeFromRecents="true"
98-->[com.google.firebase:firebase-auth:20.0.1] AndroidManifest.xml:29:13-46
99            android:exported="true"
99-->[com.google.firebase:firebase-auth:20.0.1] AndroidManifest.xml:30:13-36
100            android:launchMode="singleTask"
100-->[com.google.firebase:firebase-auth:20.0.1] AndroidManifest.xml:31:13-44
101            android:theme="@android:style/Theme.Translucent.NoTitleBar" >
101-->[com.google.firebase:firebase-auth:20.0.1] AndroidManifest.xml:32:13-72
102            <intent-filter>
102-->[com.google.firebase:firebase-auth:20.0.1] AndroidManifest.xml:33:13-43:29
103                <action android:name="android.intent.action.VIEW" />
103-->[com.google.firebase:firebase-auth:20.0.1] AndroidManifest.xml:34:17-69
103-->[com.google.firebase:firebase-auth:20.0.1] AndroidManifest.xml:34:25-66
104
105                <category android:name="android.intent.category.DEFAULT" />
105-->[com.google.firebase:firebase-auth:20.0.1] AndroidManifest.xml:36:17-76
105-->[com.google.firebase:firebase-auth:20.0.1] AndroidManifest.xml:36:27-73
106                <category android:name="android.intent.category.BROWSABLE" />
106-->[com.google.firebase:firebase-auth:20.0.1] AndroidManifest.xml:37:17-78
106-->[com.google.firebase:firebase-auth:20.0.1] AndroidManifest.xml:37:27-75
107
108                <data
108-->[com.google.firebase:firebase-auth:20.0.1] AndroidManifest.xml:39:17-42:51
109                    android:host="firebase.auth"
109-->[com.google.firebase:firebase-auth:20.0.1] AndroidManifest.xml:40:21-49
110                    android:path="/"
110-->[com.google.firebase:firebase-auth:20.0.1] AndroidManifest.xml:41:21-37
111                    android:scheme="genericidp" />
111-->[com.google.firebase:firebase-auth:20.0.1] AndroidManifest.xml:42:21-48
112            </intent-filter>
113        </activity>
114        <activity
114-->[com.google.firebase:firebase-auth:20.0.1] AndroidManifest.xml:45:9-62:20
115            android:name="com.google.firebase.auth.internal.RecaptchaActivity"
115-->[com.google.firebase:firebase-auth:20.0.1] AndroidManifest.xml:46:13-79
116            android:excludeFromRecents="true"
116-->[com.google.firebase:firebase-auth:20.0.1] AndroidManifest.xml:47:13-46
117            android:exported="true"
117-->[com.google.firebase:firebase-auth:20.0.1] AndroidManifest.xml:48:13-36
118            android:launchMode="singleTask"
118-->[com.google.firebase:firebase-auth:20.0.1] AndroidManifest.xml:49:13-44
119            android:theme="@android:style/Theme.Translucent.NoTitleBar" >
119-->[com.google.firebase:firebase-auth:20.0.1] AndroidManifest.xml:50:13-72
120            <intent-filter>
120-->[com.google.firebase:firebase-auth:20.0.1] AndroidManifest.xml:51:13-61:29
121                <action android:name="android.intent.action.VIEW" />
121-->[com.google.firebase:firebase-auth:20.0.1] AndroidManifest.xml:34:17-69
121-->[com.google.firebase:firebase-auth:20.0.1] AndroidManifest.xml:34:25-66
122
123                <category android:name="android.intent.category.DEFAULT" />
123-->[com.google.firebase:firebase-auth:20.0.1] AndroidManifest.xml:36:17-76
123-->[com.google.firebase:firebase-auth:20.0.1] AndroidManifest.xml:36:27-73
124                <category android:name="android.intent.category.BROWSABLE" />
124-->[com.google.firebase:firebase-auth:20.0.1] AndroidManifest.xml:37:17-78
124-->[com.google.firebase:firebase-auth:20.0.1] AndroidManifest.xml:37:27-75
125
126                <data
126-->[com.google.firebase:firebase-auth:20.0.1] AndroidManifest.xml:39:17-42:51
127                    android:host="firebase.auth"
127-->[com.google.firebase:firebase-auth:20.0.1] AndroidManifest.xml:40:21-49
128                    android:path="/"
128-->[com.google.firebase:firebase-auth:20.0.1] AndroidManifest.xml:41:21-37
129                    android:scheme="recaptcha" />
129-->[com.google.firebase:firebase-auth:20.0.1] AndroidManifest.xml:42:21-48
130            </intent-filter>
131        </activity>
132
133        <service
133-->[com.google.firebase:firebase-auth:20.0.1] AndroidManifest.xml:64:9-73:19
134            android:name="com.google.firebase.auth.api.fallback.service.FirebaseAuthFallbackService"
134-->[com.google.firebase:firebase-auth:20.0.1] AndroidManifest.xml:65:13-101
135            android:enabled="true"
135-->[com.google.firebase:firebase-auth:20.0.1] AndroidManifest.xml:66:13-35
136            android:exported="false" >
136-->[com.google.firebase:firebase-auth:20.0.1] AndroidManifest.xml:67:13-37
137            <intent-filter>
137-->[com.google.firebase:firebase-auth:20.0.1] AndroidManifest.xml:68:13-72:29
138                <action android:name="com.google.firebase.auth.api.gms.service.START" />
138-->[com.google.firebase:firebase-auth:20.0.1] AndroidManifest.xml:69:17-89
138-->[com.google.firebase:firebase-auth:20.0.1] AndroidManifest.xml:69:25-86
139
140                <category android:name="android.intent.category.DEFAULT" />
140-->[com.google.firebase:firebase-auth:20.0.1] AndroidManifest.xml:36:17-76
140-->[com.google.firebase:firebase-auth:20.0.1] AndroidManifest.xml:36:27-73
141            </intent-filter>
142        </service>
143
144        <provider
144-->[com.google.firebase:firebase-common:19.4.0] AndroidManifest.xml:26:9-31:39
145            android:name="com.google.firebase.provider.FirebaseInitProvider"
145-->[com.google.firebase:firebase-common:19.4.0] AndroidManifest.xml:27:13-77
146            android:authorities="com.manzai.wealthmanager.firebaseinitprovider"
146-->[com.google.firebase:firebase-common:19.4.0] AndroidManifest.xml:28:13-72
147            android:directBootAware="true"
147-->[com.google.firebase:firebase-common:19.4.0] AndroidManifest.xml:29:13-43
148            android:exported="false"
148-->[com.google.firebase:firebase-common:19.4.0] AndroidManifest.xml:30:13-37
149            android:initOrder="100" />
149-->[com.google.firebase:firebase-common:19.4.0] AndroidManifest.xml:31:13-36
150
151        <activity
151-->[com.google.android.gms:play-services-base:17.1.0] AndroidManifest.xml:23:9-26:75
152            android:name="com.google.android.gms.common.api.GoogleApiActivity"
152-->[com.google.android.gms:play-services-base:17.1.0] AndroidManifest.xml:24:13-79
153            android:exported="false"
153-->[com.google.android.gms:play-services-base:17.1.0] AndroidManifest.xml:25:13-37
154            android:theme="@android:style/Theme.Translucent.NoTitleBar" />
154-->[com.google.android.gms:play-services-base:17.1.0] AndroidManifest.xml:26:13-72
155
156        <receiver
156-->[com.google.android.gms:play-services-measurement:18.0.0] AndroidManifest.xml:29:9-33:20
157            android:name="com.google.android.gms.measurement.AppMeasurementReceiver"
157-->[com.google.android.gms:play-services-measurement:18.0.0] AndroidManifest.xml:30:13-85
158            android:enabled="true"
158-->[com.google.android.gms:play-services-measurement:18.0.0] AndroidManifest.xml:31:13-35
159            android:exported="false" >
159-->[com.google.android.gms:play-services-measurement:18.0.0] AndroidManifest.xml:32:13-37
160        </receiver>
161
162        <service
162-->[com.google.android.gms:play-services-measurement:18.0.0] AndroidManifest.xml:35:9-38:40
163            android:name="com.google.android.gms.measurement.AppMeasurementService"
163-->[com.google.android.gms:play-services-measurement:18.0.0] AndroidManifest.xml:36:13-84
164            android:enabled="true"
164-->[com.google.android.gms:play-services-measurement:18.0.0] AndroidManifest.xml:37:13-35
165            android:exported="false" />
165-->[com.google.android.gms:play-services-measurement:18.0.0] AndroidManifest.xml:38:13-37
166        <service
166-->[com.google.android.gms:play-services-measurement:18.0.0] AndroidManifest.xml:39:9-43:72
167            android:name="com.google.android.gms.measurement.AppMeasurementJobService"
167-->[com.google.android.gms:play-services-measurement:18.0.0] AndroidManifest.xml:40:13-87
168            android:enabled="true"
168-->[com.google.android.gms:play-services-measurement:18.0.0] AndroidManifest.xml:41:13-35
169            android:exported="false"
169-->[com.google.android.gms:play-services-measurement:18.0.0] AndroidManifest.xml:42:13-37
170            android:permission="android.permission.BIND_JOB_SERVICE" />
170-->[com.google.android.gms:play-services-measurement:18.0.0] AndroidManifest.xml:43:13-69
171
172        <meta-data
172-->[com.google.android.gms:play-services-basement:17.1.0] AndroidManifest.xml:23:9-25:69
173            android:name="com.google.android.gms.version"
173-->[com.google.android.gms:play-services-basement:17.1.0] AndroidManifest.xml:24:13-58
174            android:value="@integer/google_play_services_version" />
174-->[com.google.android.gms:play-services-basement:17.1.0] AndroidManifest.xml:25:13-66
175    </application>
176
177</manifest>